2020-11-04 23:16:56.003 | INFO     | httprunner.runner:test_start:451 - Start to run testcase: HttpRunner的接口case测试, TestCase ID: 57084321-b5a3-4e0c-adfb-103df82885eb
2020-11-04 23:16:56.004 | INFO     | httprunner.runner:__run_step:292 - run step begin: 注册接口测试 >>>>>>
2020-11-04 23:16:56.015 | WARNING  | httprunner.client:request:188 - failed to get client address info: 'NoneType' object has no attribute 'getsockname'
2020-11-04 23:16:56.016 | WARNING  | httprunner.client:request:196 - failed to get server address info: 'NoneType' object has no attribute 'getpeername'
2020-11-04 23:16:56.017 | DEBUG    | httprunner.client:log_print:40 - 
================== request details ==================
method   : POST
url      : http://127.0.0.1:6666/api/v1/admin/register
headers  : {
    "User-Agent": "python-requests/2.24.0",
    "Accept-Encoding": "gzip, deflate",
    "Accept": "*/*",
    "Connection": "keep-alive",
    "Content-Type": "application/json",
    "HRUN-Request-ID": "HRUN-57084321-b5a3-4e0c-adfb-103df82885eb-016005",
    "Content-Length": "42"
}
cookies  : {}
body     : {
    "userName": "root",
    "passWord": "123456"
}

2020-11-04 23:16:56.018 | DEBUG    | httprunner.client:log_print:40 - 
================== response details ==================
status_code : 200
headers  : {
    "Content-Type": "application/json",
    "Content-Length": "115",
    "Server": "Werkzeug/0.15.2 Python/3.7.0",
    "Date": "Wed, 04 Nov 2020 15:16:56 GMT"
}
cookies  : {}
encoding : None
content_type : application/json
body     : {
    "code": 1001,
    "message": "\u7528\u6237\u540d\u5df2\u5b58\u5728,\u8bf7\u91cd\u65b0\u8f93\u5165...",
    "username": "root"
}

2020-11-04 23:16:56.018 | INFO     | httprunner.client:request:218 - status_code: 200, response_time(ms): 10.74 ms, response_length: 0 bytes
2020-11-04 23:16:56.019 | INFO     | httprunner.response:validate:246 - assert status_code equal 200(int)	==> pass
2020-11-04 23:16:56.019 | INFO     | httprunner.response:validate:246 - assert headers."Content-Type" equal application/json(str)	==> pass
2020-11-04 23:16:56.019 | INFO     | httprunner.runner:__run_step:304 - run step end: 注册接口测试 <<<<<<

2020-11-04 23:16:56.020 | INFO     | httprunner.runner:__run_step:292 - run step begin: 登录接口测试 >>>>>>
2020-11-04 23:16:56.029 | WARNING  | httprunner.client:request:188 - failed to get client address info: 'NoneType' object has no attribute 'getsockname'
2020-11-04 23:16:56.030 | WARNING  | httprunner.client:request:196 - failed to get server address info: 'NoneType' object has no attribute 'getpeername'
2020-11-04 23:16:56.030 | DEBUG    | httprunner.client:log_print:40 - 
================== request details ==================
method   : POST
url      : http://127.0.0.1:6666/api/v1/admin/login
headers  : {
    "User-Agent": "python-requests/2.24.0",
    "Accept-Encoding": "gzip, deflate",
    "Accept": "*/*",
    "Connection": "keep-alive",
    "Content-Type": "application/json",
    "HRUN-Request-ID": "HRUN-57084321-b5a3-4e0c-adfb-103df82885eb-016021",
    "Content-Length": "42"
}
cookies  : {}
body     : {
    "userName": "user",
    "passWord": "123123"
}

2020-11-04 23:16:56.031 | DEBUG    | httprunner.client:log_print:40 - 
================== response details ==================
status_code : 200
headers  : {
    "Content-Type": "application/json",
    "Content-Length": "105",
    "Server": "Werkzeug/0.15.2 Python/3.7.0",
    "Date": "Wed, 04 Nov 2020 15:16:56 GMT"
}
cookies  : {}
encoding : None
content_type : application/json
body     : {
    "code": 2001,
    "message": "\u7528\u6237\u4e0d\u5b58\u5728\u6216\u5bc6\u7801\u9519\u8bef",
    "username": "user"
}

2020-11-04 23:16:56.032 | INFO     | httprunner.client:request:218 - status_code: 200, response_time(ms): 7.81 ms, response_length: 0 bytes
2020-11-04 23:16:56.032 | INFO     | httprunner.response:validate:246 - assert status_code equal 200(int)	==> pass
2020-11-04 23:16:56.033 | INFO     | httprunner.response:validate:246 - assert headers."Content-Type" equal application/json(str)	==> pass
2020-11-04 23:16:56.033 | INFO     | httprunner.runner:__run_step:304 - run step end: 登录接口测试 <<<<<<

2020-11-04 23:16:56.033 | INFO     | httprunner.runner:__run_step:292 - run step begin: 获取时间接口测试 >>>>>>
2020-11-04 23:16:56.051 | WARNING  | httprunner.client:request:188 - failed to get client address info: 'NoneType' object has no attribute 'getsockname'
2020-11-04 23:16:56.052 | WARNING  | httprunner.client:request:196 - failed to get server address info: 'NoneType' object has no attribute 'getpeername'
2020-11-04 23:16:56.052 | DEBUG    | httprunner.client:log_print:40 - 
================== request details ==================
method   : GET
url      : http://127.0.0.1:6666/api/v1/admin/time
headers  : {
    "User-Agent": "python-requests/2.24.0",
    "Accept-Encoding": "gzip, deflate",
    "Accept": "*/*",
    "Connection": "keep-alive",
    "HRUN-Request-ID": "HRUN-57084321-b5a3-4e0c-adfb-103df82885eb-016034"
}
cookies  : {}
body     : None

2020-11-04 23:16:56.053 | DEBUG    | httprunner.client:log_print:40 - 
================== response details ==================
status_code : 200
headers  : {
    "Content-Type": "application/json",
    "Content-Length": "103",
    "Server": "Werkzeug/0.15.2 Python/3.7.0",
    "Date": "Wed, 04 Nov 2020 15:16:56 GMT"
}
cookies  : {}
encoding : None
content_type : application/json
body     : {
    "code": 200,
    "message": "\u83b7\u53d6\u5f53\u524d\u65f6\u95f4\u6210\u529f",
    "time": "2020-11-04 23:16:56"
}

2020-11-04 23:16:56.054 | INFO     | httprunner.client:request:218 - status_code: 200, response_time(ms): 16.59 ms, response_length: 0 bytes
2020-11-04 23:16:56.054 | INFO     | httprunner.runner:__run_step:304 - run step end: 获取时间接口测试 <<<<<<

